info it worked if it ends with ok
verbose cli [ 'node',
verbose cli   '/usr/local/bin/npm',
verbose cli   'install',
verbose cli   '-g',
verbose cli   'http://registry.npmjs.org/',
verbose cli   'nodeunit',
verbose cli   '--verbose' ]
info using npm@1.1.4
info using node@v0.6.12
verbose config file /home/aakriti/.npmrc
verbose config file /usr/local/etc/npmrc
verbose config file /usr/local/lib/node_modules/npm/npmrc
verbose cache add [ 'http://registry.npmjs.org/', null ]
silly cache add: name, spec, args [ undefined,
silly cache add: name, spec, args   'http://registry.npmjs.org/',
silly cache add: name, spec, args   [ 'http://registry.npmjs.org/', null ] ]
verbose parsed url { protocol: 'http:',
verbose parsed url   slashes: true,
verbose parsed url   host: 'registry.npmjs.org',
verbose parsed url   hostname: 'registry.npmjs.org',
verbose parsed url   href: 'http://registry.npmjs.org/',
verbose parsed url   pathname: '/',
verbose parsed url   path: '/' }
verbose addRemoteTarball [ 'http://registry.npmjs.org/', null ]
verbose cache add [ 'nodeunit', null ]
silly cache add: name, spec, args [ undefined, 'nodeunit', [ 'nodeunit', null ] ]
verbose parsed url { pathname: 'nodeunit', path: 'nodeunit', href: 'nodeunit' }
verbose addNamed [ 'nodeunit', '' ]
verbose addNamed [ null, '' ]
silly name, range, hasData [ 'nodeunit', '', false ]
verbose raw, before any munging nodeunit
verbose url resolving [ 'https://registry.npmjs.org/', './nodeunit' ]
verbose url resolved https://registry.npmjs.org/nodeunit
http GET https://registry.npmjs.org/nodeunit
verbose mkdir (expected) error ENOENT, no such file or directory '/tmp/npm-1332834695564'
verbose mkdir (expected) error ENOENT, no such file or directory '/tmp/npm-1332834695564/1332834695564-0.45941948192194104'
verbose mkdir done: /tmp/npm-1332834695564/1332834695564-0.45941948192194104 755
verbose fetch to /tmp/npm-1332834695564/1332834695564-0.45941948192194104/tmp.tgz
http GET http://registry.npmjs.org/
ERR! failed to fetch http://registry.npmjs.org/
ERR! Error: socket hang up
ERR!     at SecurePair.error (tls.js:802:15)
ERR!     at EncryptedStream._done (tls.js:283:17)
ERR!     at EncryptedStream._pull (tls.js:426:12)
ERR!     at SecurePair.cycle (tls.js:720:20)
ERR!     at EncryptedStream.end (tls.js:256:13)
ERR!     at Socket.onend (stream.js:80:10)
ERR!     at Socket.emit (events.js:88:20)
ERR!     at TCP.onread (net.js:368:51)
ERR! You may report this log at:
ERR!     <http://github.com/isaacs/npm/issues>
ERR! or email it to:
ERR!     <npm-@googlegroups.com>
ERR! 
ERR! System Linux 3.0.0-12-generic
ERR! command "node" "/usr/local/bin/npm" "install" "-g" "http://registry.npmjs.org/" "nodeunit" "--verbose"
ERR! cwd /home/aakriti/Development/poll-app/votekit
ERR! node -v v0.6.12
ERR! npm -v 1.1.4
ERR! code ECONNRESET
ERR! message socket hang up
ERR! errno {}
verbose exit [ 1, true ]
